<?xml version="1.0" encoding="UTF-8"?>
<!-- Generated by org.testng.reporters.JUnitReportReporter -->
<testsuite hostname="DESKTOP-6UPBFLK" name="tests.NewTest" tests="1" failures="0" timestamp="11 Aug 2017 10:37:10 GMT" time="10.539" errors="0">
  <testcase name="openMyBlog" time="10.539" classname="tests.NewTest"/>
</testsuite> <!-- tests.NewTest -->
