<?xml version="1.0" encoding="UTF-8"?>
<!-- Generated by org.testng.reporters.JUnitReportReporter -->
<testsuite hostname="DESKTOP-6UPBFLK" name="tests.NewTest" tests="1" failures="0" timestamp="11 Aug 2017 10:25:06 GMT" time="12.803" errors="0">
  <testcase name="openMyBlog" time="12.803" classname="tests.NewTest"/>
</testsuite> <!-- tests.NewTest -->
